[INFO] Scanning for projects...
[INFO]
[INFO] -----< net.serenitybdd.starter:serenity-junit-screenplay-starter >------
[INFO] Building Sample Serenity BDD project using JUnit 5 and Serenity Screenplay 1.0.0-SNAPSHOT
[INFO]   from pom.xml
[INFO] --------------------------------[ jar ]---------------------------------
[INFO]
[INFO] --- clean:3.2.0:clean (default-clean) @ serenity-junit-screenplay-starter ---
[INFO] Deleting /app/target
[INFO]
[INFO] --- resources:3.3.1:resources (default-resources) @ serenity-junit-screenplay-starter ---
[INFO] skip non existing resourceDirectory /app/src/main/resources
[INFO]
[INFO] --- compiler:3.11.0:compile (default-compile) @ serenity-junit-screenplay-starter ---
[INFO] Nothing to compile - all classes are up to date
[INFO]
[INFO] --- resources:3.3.1:testResources (default-testResources) @ serenity-junit-screenplay-starter ---
[INFO] Copying 2 resources from src/test/resources to target/test-classes
[INFO]
[INFO] --- compiler:3.11.0:testCompile (default-testCompile) @ serenity-junit-screenplay-starter ---
[INFO] Changes detected - recompiling the module! :source
[INFO] Compiling 4 source files with javac [debug target 11] to target/test-classes
[WARNING] system modules path not set in conjunction with -source 11
[INFO] Annotation processing is enabled because one or more processors were found
  on the class path. A future release of javac may disable annotation processing
  unless at least one processor is specified by name (-processor), or a search
  path is specified (--processor-path, --processor-module-path), or annotation
  processing is enabled explicitly (-proc:only, -proc:full).
  Use -Xlint:-options to suppress this message.
  Use -proc:none to disable annotation processing.
[INFO]
[INFO] --- surefire:3.1.2:test (default-test) @ serenity-junit-screenplay-starter ---
[INFO] Tests are skipped.
[INFO]
[INFO] --- jar:3.4.1:jar (default-jar) @ serenity-junit-screenplay-starter ---
[WARNING] JAR will be empty - no content was marked for inclusion!
[INFO] Building jar: /app/target/serenity-junit-screenplay-starter-1.0.0-SNAPSHOT.jar
[INFO]
[INFO] --- failsafe:3.1.2:integration-test (default) @ serenity-junit-screenplay-starter ---
[INFO] Using auto detected provider org.apache.maven.surefire.junitplatform.JUnitPlatformProvider
[INFO]
[INFO] -------------------------------------------------------
[INFO]  T E S T S
[INFO] -------------------------------------------------------
WARNING: A Java agent has been loaded dynamically (/home/jules/.m2/repository/net/bytebuddy/byte-buddy-agent/1.14.4/byte-buddy-agent-1.14.4.jar)
WARNING: If a serviceability tool is in use, please run with -XX:+EnableDynamicAgentLoading to hide this warning
WARNING: If a serviceability tool is not in use, please run with -Djdk.instrument.traceUsage for more information
WARNING: Dynamic loading of agents will be disallowed by default in a future release
WARNING: A Java agent has been loaded dynamically (/home/jules/.m2/repository/net/bytebuddy/byte-buddy-agent/1.14.4/byte-buddy-agent-1.14.4.jar)
WARNING: If a serviceability tool is in use, please run with -XX:+EnableDynamicAgentLoading to hide this warning
WARNING: If a serviceability tool is not in use, please run with -Djdk.instrument.traceUsage for more information
WARNING: Dynamic loading of agents will be disallowed by default in a future release
[INFO] Running Test.WhenSearchByKeyword
19:52:09.712 [main] INFO  n.s.c.w.d.DriverProvider - Using WebDriverManager configuration for chrome
19:52:10.653 [main] WARN  n.s.c.b.PropertyBasedDriverCapabilityRecord - Failed to store browser configuration for {goog:chromeOptions={args=[remote-allow-origins=*, --headless=chrome, --start-maximized, --test-type, --no-sandbox, --ignore-certificate-errors, \n                   --disable-popup-blocking, --disable-default-apps, --disable-extensions-file-access-check, \n                   --incognito, --disable-infobars,--disable-gpu, --headless], extensions=[]}, acceptInsecureCerts=false, browserName=chrome}
19:52:10.653 [main] INFO  n.s.c.w.d.ChromeDriverProvider - Starting Chrome driver instance with capabilities:
19:52:10.656 [main] INFO  n.s.c.w.d.ChromeDriverProvider - Capabilities {acceptInsecureCerts: false, browserName: chrome, goog:chromeOptions: {args: [remote-allow-origins=*, --headless=chrome, --start-maximized, --test-type, --no-sandbox, --ignore-certificate-errors, \n                   --disa..., --disable-default-apps, --disable-extensions-file-a..., \n                   --inco..., --disable-infobars,--disabl..., --headless], extensions: []}}
Aug 17, 2025 7:52:10 PM org.openqa.selenium.remote.service.DriverService$Builder getLogOutput
INFO: Driver logs no longer sent to console by default; https://www.selenium.dev/documentation/webdriver/drivers/service/#setting-log-output
19:52:11.571 [main] ERROR  -
  _____   ___   ___   _____     ___   ___   ___    ___    ___
 |_   _| | __| / __| |_   _|   | __| | _ \ | _ \  / _ \  | _ \
   | |   | _|  \__ \   | |     | _|  |   / |   / | (_) | |   /
   |_|   |___| |___/   |_|     |___| |_|_\ |_|_\  \___/  |_|_\

The keyword should appear in the results sidebar
---------------------------------------------------------------
19:52:11.639 [main] ERROR  -     Test failed at step: The Keyword should appear in the sidebar heading
19:52:11.640 [main] ERROR  -     Could not instantiate class org.openqa.selenium.chrome.ChromeDriver
19:52:11.644 [main] ERROR  -
  _____   ___   ___   _____     ___   ___   ___    ___    ___
 |_   _| | __| / __| |_   _|   | __| | _ \ | _ \  / _ \  | _ \
   | |   | _|  \__ \   | |     | _|  |   / |   / | (_) | |   /
   |_|   |___| |___/   |_|     |___| |_|_\ |_|_\  \___/  |_|_\

The keyword should appear in the results sidebar
---------------------------------------------------------------
19:52:11.645 [main] ERROR  -     Test failed at step: The Keyword should appear in the sidebar heading
19:52:11.646 [main] ERROR  -     Could not instantiate class org.openqa.selenium.chrome.ChromeDriver
Test method 1
Test method 2
Test method 3
Test method 4
[ERROR] Tests run: 5, Failures: 1, Errors: 0, Skipped: 0, Time elapsed: 3.331 s <<< FAILURE! -- in Test.WhenSearchByKeyword
[ERROR] Test.WhenSearchByKeyword.theKeywordShouldAppearInTheResultsSidebar -- Time elapsed: 2.129 s <<< FAILURE!
org.opentest4j.AssertionFailedError:

expected: "Quality assurance"
 but was: ""
	at java.base/jdk.internal.reflect.DirectConstructorHandleAccessor.newInstance(DirectConstructorHandleAccessor.java:62)
	at java.base/java.lang.reflect.Constructor.newInstanceWithCaller(Constructor.java:502)
	at Test.WhenSearchByKeyword.lambda$theKeywordShouldAppearInTheResultsSidebar$0(WhenSearchByKeyword.java:26)
	at net.serenitybdd.core.Serenity.reportThat(Serenity.java:354)
	at Test.WhenSearchByKeyword.theKeywordShouldAppearInTheResultsSidebar(WhenSearchByKeyword.java:25)
	at java.base/jdk.internal.reflect.DirectMethodHandleAccessor.invoke(DirectMethodHandleAccessor.java:103)
	at java.base/java.lang.reflect.Method.invoke(Method.java:580)
	at org.junit.platform.commons.util.ReflectionUtils.invokeMethod(ReflectionUtils.java:728)
	at org.junit.jupiter.engine.execution.MethodInvocation.proceed(MethodInvocation.java:60)
	at org.junit.jupiter.engine.execution.InvocationInterceptorChain$ValidatingInvocation.proceed(InvocationInterceptorChain.java:131)
	at org.junit.jupiter.engine.extension.TimeoutExtension.intercept(TimeoutExtension.java:156)
	at org.junit.jupiter.engine.extension.TimeoutExtension.interceptTestableMethod(TimeoutExtension.java:147)
	at org.junit.jupiter.engine.extension.TimeoutExtension.interceptTestMethod(TimeoutExtension.java:86)
	at org.junit.jupiter.engine.execution.InterceptingExecutableInvoker$ReflectiveInterceptorCall.lambda$ofVoidMethod$0(InterceptingExecutableInvoker.java:103)
	at org.junit.jupiter.engine.execution.InterceptingExecutableInvoker.lambda$invoke$0(InterceptingExecutableInvoker.java:93)
	at org.junit.jupiter.engine.execution.InvocationInterceptorChain$InterceptedInvocation.proceed(InvocationInterceptorChain.java:106)
	at org.junit.jupiter.engine.execution.InvocationInterceptorChain.proceed(InvocationInterceptorChain.java:64)
	at org.junit.jupiter.engine.execution.InvocationInterceptorChain.chainAndInvoke(InvocationInterceptorChain.java:45)
	at org.junit.jupiter.engine.execution.InvocationInterceptorChain.invoke(InvocationInterceptorChain.java:37)
	at org.junit.jupiter.engine.execution.InterceptingExecutableInvoker.invoke(InterceptingExecutableInvoker.java:92)
	at org.junit.jupiter.engine.execution.InterceptingExecutableInvoker.invoke(InterceptingExecutableInvoker.java:86)
	at org.junit.jupiter.engine.descriptor.TestMethodTestDescriptor.lambda$invokeTestMethod$7(TestMethodTestDescriptor.java:218)
	at org.junit.platform.engine.support.hierarchical.ThrowableCollector.execute(ThrowableCollector.java:73)
	at org.junit.jupiter.engine.descriptor.TestMethodTestDescriptor.invokeTestMethod(TestMethodTestDescriptor.java:214)
	at org.junit.jupiter.engine.descriptor.TestMethodTestDescriptor.execute(TestMethodTestDescriptor.java:139)
	at org.junit.jupiter.engine.descriptor.TestMethodTestDescriptor.execute(TestMethodTestDescriptor.java:69)
	at org.junit.platform.engine.support.hierarchical.NodeTestTask.lambda$executeRecursively$6(NodeTestTask.java:151)
	at org.junit.platform.engine.support.hierarchical.ThrowableCollector.execute(ThrowableCollector.java:73)
	at org.junit.platform.engine.support.hierarchical.NodeTestTask.lambda$executeRecursively$8(NodeTestTask.java:141)
	at org.junit.platform.engine.support.hierarchical.Node.around(Node.java:137)
	at org.junit.platform.engine.support.hierarchical.NodeTestTask.lambda$executeRecursively$9(NodeTestTask.java:139)
	at org.junit.platform.engine.support.hierarchical.ThrowableCollector.execute(ThrowableCollector.java:73)
	at org.junit.platform.engine.support.hierarchical.NodeTestTask.executeRecursively(NodeTestTask.java:138)
	at org.junit.platform.engine.support.hierarchical.NodeTestTask.execute(NodeTestTask.java:95)
	at java.base/java.util.ArrayList.forEach(ArrayList.java:1596)
	at org.junit.platform.engine.support.hierarchical.SameThreadHierarchicalTestExecutorService.invokeAll(SameThreadHierarchicalTestExecutorService.java:41)
	at org.junit.platform.engine.support.hierarchical.NodeTestTask.lambda$executeRecursively$6(NodeTestTask.java:155)
	at org.junit.platform.engine.support.hierarchical.ThrowableCollector.execute(ThrowableCollector.java:73)
	at org.junit.platform.engine.support.hierarchical.NodeTestTask.lambda$executeRecursively$8(NodeTestTask.java:141)
	at org.junit.platform.engine.support.hierarchical.Node.around(Node.java:137)
	at org.junit.platform.engine.support.hierarchical.NodeTestTask.lambda$executeRecursively$9(NodeTestTask.java:139)
	at org.junit.platform.engine.support.hierarchical.ThrowableCollector.execute(ThrowableCollector.java:73)
	at org.junit.platform.engine.support.hierarchical.NodeTestTask.executeRecursively(NodeTestTask.java:138)
	at org.junit.platform.engine.support.hierarchical.NodeTestTask.execute(NodeTestTask.java:95)
	at java.base/java.util.ArrayList.forEach(ArrayList.java:1596)
	at org.junit.platform.engine.support.hierarchical.SameThreadHierarchicalTestExecutorService.invokeAll(SameThreadHierarchicalTestExecutorService.java:41)
	at org.junit.platform.engine.support.hierarchical.NodeTestTask.lambda$executeRecursively$6(NodeTestTask.java:155)
	at org.junit.platform.engine.support.hierarchical.ThrowableCollector.execute(ThrowableCollector.java:73)
	at org.junit.platform.engine.support.hierarchical.NodeTestTask.lambda$executeRecursively$8(NodeTestTask.java:141)
	at org.junit.platform.engine.support.hierarchical.Node.around(Node.java:137)
	at org.junit.platform.engine.support.hierarchical.NodeTestTask.lambda$executeRecursively$9(NodeTestTask.java:139)
	at org.junit.platform.engine.support.hierarchical.ThrowableCollector.execute(ThrowableCollector.java:73)
	at org.junit.platform.engine.support.hierarchical.NodeTestTask.executeRecursively(NodeTestTask.java:138)
	at org.junit.platform.engine.support.hierarchical.NodeTestTask.execute(NodeTestTask.java:95)
	at org.junit.platform.engine.support.hierarchical.SameThreadHierarchicalTestExecutorService.submit(SameThreadHierarchicalTestExecutorService.java:35)
	at org.junit.platform.engine.support.hierarchical.HierarchicalTestExecutor.execute(HierarchicalTestExecutor.java:57)
	at org.junit.platform.engine.support.hierarchical.HierarchicalTestEngine.execute(HierarchicalTestEngine.java:54)
	at org.junit.platform.launcher.core.EngineExecutionOrchestrator.execute(EngineExecutionOrchestrator.java:147)
	at org.junit.platform.launcher.core.EngineExecutionOrchestrator.execute(EngineExecutionOrchestrator.java:127)
	at org.junit.platform.launcher.core.EngineExecutionOrchestrator.execute(EngineExecutionOrchestrator.java:90)
	at org.junit.platform.launcher.core.EngineExecutionOrchestrator.lambda$execute$0(EngineExecutionOrchestrator.java:55)
	at org.junit.platform.launcher.core.EngineExecutionOrchestrator.withInterceptedStreams(EngineExecutionOrchestrator.java:102)
	at org.junit.platform.launcher.core.EngineExecutionOrchestrator.execute(EngineExecutionOrchestrator.java:54)
	at org.junit.platform.launcher.core.DefaultLauncher.execute(DefaultLauncher.java:114)
	at org.junit.platform.launcher.core.DefaultLauncher.execute(DefaultLauncher.java:86)
	at org.junit.platform.launcher.core.DefaultLauncherSession$DelegatingLauncher.execute(DefaultLauncherSession.java:86)
	at org.apache.maven.surefire.junitplatform.LazyLauncher.execute(LazyLauncher.java:56)
	at org.apache.maven.surefire.junitplatform.JUnitPlatformProvider.lambda$execute$1(JUnitPlatformProvider.java:191)
	at java.base/java.util.Iterator.forEachRemaining(Iterator.java:133)
	at org.apache.maven.surefire.junitplatform.JUnitPlatformProvider.execute(JUnitPlatformProvider.java:186)
	at org.apache.maven.surefire.junitplatform.JUnitPlatformProvider.invokeAllTests(JUnitPlatformProvider.java:148)
	at org.apache.maven.surefire.junitplatform.JUnitPlatformProvider.invoke(JUnitPlatformProvider.java:118)
	at org.apache.maven.surefire.booter.ForkedBooter.runSuitesInProcess(ForkedBooter.java:385)
	at org.apache.maven.surefire.booter.ForkedBooter.execute(ForkedBooter.java:162)
	at org.apache.maven.surefire.booter.ForkedBooter.run(ForkedBooter.java:507)
	at org.apache.maven.surefire.booter.ForkedBooter.main(ForkedBooter.java:495)
	Suppressed: net.thucydides.core.webdriver.DriverConfigurationError: WebDriver was unable to create a new instance of type class org.openqa.selenium.chrome.ChromeDriver
WebDriver reported the following message: Could not start a new session. Response code 500. Message: unknown error: cannot find Chrome binary
Host info: host: 'devbox', ip: '192.168.0.2'
Build info: version: '4.10.0', revision: 'c14d967899'
System info: os.name: 'Linux', os.arch: 'amd64', os.version: '6.8.0', java.version: '21.0.8'
Driver info: org.openqa.selenium.chrome.ChromeDriver
Command: [null, newSession {capabilities=[Capabilities {acceptInsecureCerts: false, browserName: chrome, goog:chromeOptions: {args: [remote-allow-origins=*, --headless=chrome, --start-maximized, --test-type, --no-sandbox, --ignore-certificate-errors, \n                   --disa..., --disable-default-apps, --disable-extensions-file-a..., \n                   --inco..., --disable-infobars,--disabl..., --headless], extensions: []}}]}]
See below for more details.
		at net.thucydides.core.webdriver.WebDriverFactory.newWebdriverInstance(WebDriverFactory.java:151)
		at net.thucydides.core.webdriver.WebDriverFacade.newDriverInstance(WebDriverFacade.java:180)
		at net.thucydides.core.webdriver.WebDriverFacade.newProxyDriver(WebDriverFacade.java:171)
		at net.thucydides.core.webdriver.WebDriverFacade.getProxiedDriver(WebDriverFacade.java:122)
		at net.thucydides.core.webdriver.WebDriverFacade.get(WebDriverFacade.java:211)
		at net.serenitybdd.core.pages.PageObject.openPageAtUrl(PageObject.java:982)
		at net.serenitybdd.core.pages.PageObject.openUrl(PageObject.java:928)
		at Test.NavigateActions.toTheDuckDuckGoSearchPage(NavigateActions.java:11)
		at Test.NavigateActions$ByteBuddy$VhWAHQUF.toTheDuckDuckGoSearchPage$accessor$1KVifwkC(Unknown Source)
		at java.base/jdk.internal.reflect.DirectMethodHandleAccessor.invoke(DirectMethodHandleAccessor.java:103)
		at java.base/java.lang.reflect.Method.invoke(Method.java:580)
		at net.thucydides.core.steps.StepInterceptor.invokeMethod(StepInterceptor.java:520)
		at net.thucydides.core.steps.StepInterceptor.executeTestStepMethod(StepInterceptor.java:500)
		at net.thucydides.core.steps.StepInterceptor.runTestStep(StepInterceptor.java:472)
		at net.thucydides.core.steps.StepInterceptor.runOrSkipMethod(StepInterceptor.java:211)
		at net.thucydides.core.steps.StepInterceptor.testStepResult(StepInterceptor.java:198)
		at net.thucydides.core.steps.StepInterceptor.intercept(StepInterceptor.java:86)
		at net.thucydides.core.steps.ProxyConfiguration$InterceptorDispatcher.intercept(ProxyConfiguration.java:51)
		at Test.NavigateActions$ByteBuddy$VhWAHQUF.toTheDuckDuckGoSearchPage(Unknown Source)
		at Test.WhenSearchByKeyword.theKeywordShouldAppearInTheResultsSidebar(WhenSearchByKeyword.java:23)
		... 71 more
	Caused by: org.openqa.selenium.SessionNotCreatedException: Could not start a new session. Response code 500. Message: unknown error: cannot find Chrome binary
Host info: host: 'devbox', ip: '192.168.0.2'
Build info: version: '4.10.0', revision: 'c14d967899'
System info: os.name: 'Linux', os.arch: 'amd64', os.version: '6.8.0', java.version: '21.0.8'
Driver info: org.openqa.selenium.chrome.ChromeDriver
Command: [null, newSession {capabilities=[Capabilities {acceptInsecureCerts: false, browserName: chrome, goog:chromeOptions: {args: [remote-allow-origins=*, --headless=chrome, --start-maximized, --test-type, --no-sandbox, --ignore-certificate-errors, \n                   --disa..., --disable-default-apps, --disable-extensions-file-a..., \n                   --inco..., --disable-infobars,--disabl..., --headless], extensions: []}}]}]
		at org.openqa.selenium.remote.ProtocolHandshake.createSession(ProtocolHandshake.java:140)
		at org.openqa.selenium.remote.ProtocolHandshake.createSession(ProtocolHandshake.java:96)
		at org.openqa.selenium.remote.ProtocolHandshake.createSession(ProtocolHandshake.java:68)
		at org.openqa.selenium.remote.HttpCommandExecutor.execute(HttpCommandExecutor.java:163)
		at org.openqa.selenium.remote.service.DriverCommandExecutor.invokeExecute(DriverCommandExecutor.java:196)
		at org.openqa.selenium.remote.service.DriverCommandExecutor.execute(DriverCommandExecutor.java:171)
		at org.openqa.selenium.remote.RemoteWebDriver.execute(RemoteWebDriver.java:531)
		at org.openqa.selenium.remote.RemoteWebDriver.startSession(RemoteWebDriver.java:227)
		at org.openqa.selenium.remote.RemoteWebDriver.<init>(RemoteWebDriver.java:154)
		at org.openqa.selenium.chromium.ChromiumDriver.<init>(ChromiumDriver.java:107)
		at org.openqa.selenium.chrome.ChromeDriver.<init>(ChromeDriver.java:87)
		at org.openqa.selenium.chrome.ChromeDriver.<init>(ChromeDriver.java:82)
		at org.openqa.selenium.chrome.ChromeDriver.<init>(ChromeDriver.java:71)
		at net.serenitybdd.core.webdriver.driverproviders.ChromeDriverProvider.newInstance(ChromeDriverProvider.java:73)
		at net.thucydides.core.webdriver.WebDriverFactory.createWebDriver(WebDriverFactory.java:163)
		at net.thucydides.core.webdriver.WebDriverFactory.newWebdriverInstance(WebDriverFactory.java:141)
		... 90 more

[INFO]
[INFO] Results:
[INFO]
[ERROR] Failures:
[ERROR]   WhenSearchByKeyword.theKeywordShouldAppearInTheResultsSidebar:25->lambda$theKeywordShouldAppearInTheResultsSidebar$0:26
expected: "Quality assurance"
 but was: ""
[INFO]
[ERROR] Tests run: 5, Failures: 1, Errors: 0, Skipped: 0
[INFO]
[INFO]
[INFO] --- serenity:3.9.4:aggregate (serenity-reports) @ serenity-junit-screenplay-starter ---
[INFO] GENERATING REPORTS USING 8 THREADS
[INFO] GENERATING SUMMARY REPORTS...
[INFO] GENERATING REQUIREMENTS REPORTS...
[INFO] GENERATING RESULT REPORTS...
[INFO] GENERATING ERROR REPORTS...
[INFO] Test results for 5 tests generated in 2.3 secs in directory: file:/app/target/site/serenity/
[INFO] ------------------------------------------------
[INFO] | SERENITY TESTS:               | ERROR
[INFO] ------------------------------------------------
[INFO] | Test scenarios executed       | 5
[INFO] | Total Test cases executed     | 5
[INFO] | Tests passed                  | 4
[INFO] | Tests failed                  | 0
[INFO] | Tests with errors             | 1
[INFO] | Tests compromised             | 0
[INFO] | Tests aborted                 | 0
[INFO] | Tests pending                 | 0
[INFO] | Tests ignored/skipped         | 0
[INFO] ------------------------------- | --------------
[INFO] | Total Duration| 2s 018ms
[INFO] | Fastest test took| 004ms
[INFO] | Slowest test took| 1s 995ms
[INFO] ------------------------------------------------
[INFO]
[INFO] SERENITY REPORTS
[INFO]   - Full Report: file:///app/target/site/serenity/index.html
[INFO]
[INFO] --- failsafe:3.1.2:verify (default) @ serenity-junit-screenplay-starter ---
[WARNING]  Parameter 'encoding' (user property 'encoding') is deprecated: since of 2.20.1
[INFO] ------------------------------------------------------------------------
[INFO] BUILD FAILURE
[INFO] ------------------------------------------------------------------------
[INFO] Total time:  18.422 s
[INFO] Finished at: 2025-08-17T19:52:16Z
[INFO] ------------------------------------------------------------------------
[ERROR] Failed to execute goal org.apache.maven.plugins:maven-failsafe-plugin:3.1.2:verify (default) on project serenity-junit-screenplay-starter: There are test failures.
[ERROR]
[ERROR] Please refer to /app/target/failsafe-reports for the individual test results.
[ERROR] Please refer to dump files (if any exist) [date].dump, [date]-jvmRun[N].dump and [date].dumpstream.
[ERROR] -> [Help 1]
[ERROR]
[ERROR] To see the full stack trace of the errors, re-run Maven with the -e switch.
[ERROR] Re-run Maven using the -X switch to enable full debug logging.
[ERROR]
[ERROR] For more information about the errors and possible solutions, please read the following articles:
[ERROR] [Help 1] http://cwiki.apache.org/confluence/display/MAVEN/MojoFailureException
